
Dec 17, 2022 17:54:38.761 NEW SESSION
Dec 17, 2022 17:54:38.761 [15716:8924:1217/175438.759:ERROR:device_event_log_impl.cc(215)] [17:54:38.759] USB: usb_service_win.cc:415 Could not read device interface GUIDs: The system cannot find the file specified. (0x2)
Dec 17, 2022 17:54:38.762 [15716:8924:1217/175438.762:ERROR:device_event_log_impl.cc(215)] [17:54:38.761] USB: usb_device_handle_win.cc:1045 Failed to read descriptor from node connection: A device attached to the system is not functioning. (0x1F)
Dec 17, 2022 17:54:38.765 [15716:8924:1217/175438.765:ERROR:device_event_log_impl.cc(215)] [17:54:38.765] USB: usb_device_handle_win.cc:1045 Failed to read descriptor from node connection: A device attached to the system is not functioning. (0x1F)
Dec 17, 2022 17:54:38.771 [15716:8924:1217/175438.771:ERROR:device_event_log_impl.cc(215)] [17:54:38.770] USB: usb_device_handle_win.cc:1045 Failed to read descriptor from node connection: A device attached to the system is not functioning. (0x1F)
Dec 17, 2022 18:21:40.108 [6412:1784:1217/182140.108:ERROR:device_event_log_impl.cc(215)] [18:21:40.107] USB: usb_service_win.cc:415 Could not read device interface GUIDs: The system cannot find the file specified. (0x2)
Dec 17, 2022 18:21:40.111 [6412:1784:1217/182140.110:ERROR:device_event_log_impl.cc(215)] [18:21:40.110] USB: usb_device_handle_win.cc:1045 Failed to read descriptor from node connection: A device attached to the system is not functioning. (0x1F)
Dec 17, 2022 18:21:40.115 [6412:1784:1217/182140.114:ERROR:device_event_log_impl.cc(215)] [18:21:40.114] USB: usb_device_handle_win.cc:1045 Failed to read descriptor from node connection: A device attached to the system is not functioning. (0x1F)
Dec 17, 2022 18:21:40.120 [6412:1784:1217/182140.119:ERROR:device_event_log_impl.cc(215)] [18:21:40.119] USB: usb_device_handle_win.cc:1045 Failed to read descriptor from node connection: A device attached to the system is not functioning. (0x1F)
Dec 17, 2022 18:21:40.126 [6412:13348:1217/182140.126:ERROR:connection_factory_impl.cc(427)] Failed to connect to MCS endpoint with error -106
Dec 17, 2022 18:22:03.305 [6412:13348:1217/182203.305:ERROR:connection_factory_impl.cc(427)] Failed to connect to MCS endpoint with error -106
Dec 17, 2022 18:23:31.636 [18740:13564:1217/182331.636:ERROR:device_event_log_impl.cc(215)] [18:23:31.636] USB: usb_service_win.cc:415 Could not read device interface GUIDs: The system cannot find the file specified. (0x2)
Dec 17, 2022 18:23:31.638 [18740:13564:1217/182331.638:ERROR:device_event_log_impl.cc(215)] [18:23:31.638] USB: usb_device_handle_win.cc:1045 Failed to read descriptor from node connection: A device attached to the system is not functioning. (0x1F)
Dec 17, 2022 18:23:31.642 [18740:13564:1217/182331.642:ERROR:device_event_log_impl.cc(215)] [18:23:31.642] USB: usb_device_handle_win.cc:1045 Failed to read descriptor from node connection: A device attached to the system is not functioning. (0x1F)
Dec 17, 2022 18:23:31.647 [18740:13564:1217/182331.647:ERROR:device_event_log_impl.cc(215)] [18:23:31.647] USB: usb_device_handle_win.cc:1045 Failed to read descriptor from node connection: A device attached to the system is not functioning. (0x1F)
Dec 17, 2022 18:23:31.653 [18740:11792:1217/182331.652:ERROR:connection_factory_impl.cc(427)] Failed to connect to MCS endpoint with error -106
Dec 17, 2022 18:24:01.492 [18740:11792:1217/182401.492:ERROR:connection_factory_impl.cc(427)] Failed to connect to MCS endpoint with error -106
Dec 17, 2022 19:20:07.505 [14068:12360:1217/192007.505:ERROR:device_event_log_impl.cc(215)] [19:20:07.505] USB: usb_service_win.cc:415 Could not read device interface GUIDs: The system cannot find the file specified. (0x2)
Dec 17, 2022 19:20:07.508 [14068:12360:1217/192007.508:ERROR:device_event_log_impl.cc(215)] [19:20:07.508] USB: usb_device_handle_win.cc:1045 Failed to read descriptor from node connection: A device attached to the system is not functioning. (0x1F)
Dec 17, 2022 19:20:07.512 [14068:12360:1217/192007.512:ERROR:device_event_log_impl.cc(215)] [19:20:07.513] USB: usb_device_handle_win.cc:1045 Failed to read descriptor from node connection: A device attached to the system is not functioning. (0x1F)
Dec 17, 2022 19:20:07.516 [14068:12360:1217/192007.516:ERROR:device_event_log_impl.cc(215)] [19:20:07.517] USB: usb_device_handle_win.cc:1045 Failed to read descriptor from node connection: A device attached to the system is not functioning. (0x1F)
Dec 17, 2022 19:23:28.74 [16724:13668:1217/192328.074:ERROR:device_event_log_impl.cc(215)] [19:23:28.082] USB: usb_service_win.cc:415 Could not read device interface GUIDs: The system cannot find the file specified. (0x2)
Dec 17, 2022 19:23:28.74 [16724:13668:1217/192328.074:ERROR:device_event_log_impl.cc(215)] [19:23:28.085] USB: usb_device_handle_win.cc:1045 Failed to read descriptor from node connection: A device attached to the system is not functioning. (0x1F)
Dec 17, 2022 19:23:28.90 [16724:13668:1217/192328.090:ERROR:device_event_log_impl.cc(215)] [19:23:28.090] USB: usb_device_handle_win.cc:1045 Failed to read descriptor from node connection: A device attached to the system is not functioning. (0x1F)
Dec 17, 2022 19:23:28.90 [16724:13668:1217/192328.090:ERROR:device_event_log_impl.cc(215)] [19:23:28.094] USB: usb_device_handle_win.cc:1045 Failed to read descriptor from node connection: A device attached to the system is not functioning. (0x1F)
Dec 17, 2022 19:24:24.763 [13548:12252:1217/192424.763:ERROR:device_event_log_impl.cc(215)] [19:24:24.762] USB: usb_service_win.cc:415 Could not read device interface GUIDs: The system cannot find the file specified. (0x2)
Dec 17, 2022 19:24:24.766 [13548:12252:1217/192424.766:ERROR:device_event_log_impl.cc(215)] [19:24:24.766] USB: usb_device_handle_win.cc:1045 Failed to read descriptor from node connection: A device attached to the system is not functioning. (0x1F)
Dec 17, 2022 19:24:24.771 [13548:12252:1217/192424.770:ERROR:device_event_log_impl.cc(215)] [19:24:24.770] USB: usb_device_handle_win.cc:1045 Failed to read descriptor from node connection: A device attached to the system is not functioning. (0x1F)
Dec 17, 2022 19:24:24.775 [13548:12252:1217/192424.775:ERROR:device_event_log_impl.cc(215)] [19:24:24.775] USB: usb_device_handle_win.cc:1045 Failed to read descriptor from node connection: A device attached to the system is not functioning. (0x1F)

Dec 18, 2022 14:29:30.792 NEW SESSION
Dec 18, 2022 14:29:30.792 [18972:12812:1218/142930.789:ERROR:device_event_log_impl.cc(215)] [14:29:30.783] USB: usb_service_win.cc:415 Could not read device interface GUIDs: The system cannot find the file specified. (0x2)
Dec 18, 2022 14:29:30.792 [18972:12812:1218/142930.791:ERROR:device_event_log_impl.cc(215)] [14:29:30.786] USB: usb_device_handle_win.cc:1045 Failed to read descriptor from node connection: A device attached to the system is not functioning. (0x1F)
Dec 18, 2022 14:29:30.795 [18972:12812:1218/142930.795:ERROR:device_event_log_impl.cc(215)] [14:29:30.790] USB: usb_device_handle_win.cc:1045 Failed to read descriptor from node connection: A device attached to the system is not functioning. (0x1F)
Dec 18, 2022 14:29:30.795 [18972:12812:1218/142930.795:ERROR:device_event_log_impl.cc(215)] [14:29:30.795] USB: usb_device_handle_win.cc:1045 Failed to read descriptor from node connection: A device attached to the system is not functioning. (0x1F)
Dec 18, 2022 14:29:47.125 [10340:11164:1218/142947.125:ERROR:device_event_log_impl.cc(215)] [14:29:47.126] USB: usb_service_win.cc:415 Could not read device interface GUIDs: The system cannot find the file specified. (0x2)
Dec 18, 2022 14:29:47.125 [10340:11164:1218/142947.125:ERROR:device_event_log_impl.cc(215)] [14:29:47.129] USB: usb_device_handle_win.cc:1045 Failed to read descriptor from node connection: A device attached to the system is not functioning. (0x1F)
Dec 18, 2022 14:29:47.140 [10340:11164:1218/142947.140:ERROR:device_event_log_impl.cc(215)] [14:29:47.133] USB: usb_device_handle_win.cc:1045 Failed to read descriptor from node connection: A device attached to the system is not functioning. (0x1F)
Dec 18, 2022 14:29:47.140 [10340:11164:1218/142947.140:ERROR:device_event_log_impl.cc(215)] [14:29:47.138] USB: usb_device_handle_win.cc:1045 Failed to read descriptor from node connection: A device attached to the system is not functioning. (0x1F)
Dec 18, 2022 14:31:16.613 [19168:6892:1218/143116.613:ERROR:device_event_log_impl.cc(215)] [14:31:16.606] USB: usb_service_win.cc:415 Could not read device interface GUIDs: The system cannot find the file specified. (0x2)
Dec 18, 2022 14:31:16.615 [19168:6892:1218/143116.615:ERROR:device_event_log_impl.cc(215)] [14:31:16.608] USB: usb_device_handle_win.cc:1045 Failed to read descriptor from node connection: A device attached to the system is not functioning. (0x1F)
Dec 18, 2022 14:31:16.619 [19168:6892:1218/143116.619:ERROR:device_event_log_impl.cc(215)] [14:31:16.612] USB: usb_device_handle_win.cc:1045 Failed to read descriptor from node connection: A device attached to the system is not functioning. (0x1F)
Dec 18, 2022 14:31:16.624 [19168:6892:1218/143116.624:ERROR:device_event_log_impl.cc(215)] [14:31:16.617] USB: usb_device_handle_win.cc:1045 Failed to read descriptor from node connection: A device attached to the system is not functioning. (0x1F)
Dec 18, 2022 14:31:31.283 [21212:2488:1218/143131.283:ERROR:device_event_log_impl.cc(215)] [14:31:31.271] USB: usb_service_win.cc:415 Could not read device interface GUIDs: The system cannot find the file specified. (0x2)
Dec 18, 2022 14:31:31.286 [21212:2488:1218/143131.286:ERROR:device_event_log_impl.cc(215)] [14:31:31.274] USB: usb_device_handle_win.cc:1045 Failed to read descriptor from node connection: A device attached to the system is not functioning. (0x1F)
Dec 18, 2022 14:31:31.290 [21212:2488:1218/143131.290:ERROR:device_event_log_impl.cc(215)] [14:31:31.278] USB: usb_device_handle_win.cc:1045 Failed to read descriptor from node connection: A device attached to the system is not functioning. (0x1F)
Dec 18, 2022 14:31:31.290 [21212:2488:1218/143131.290:ERROR:device_event_log_impl.cc(215)] [14:31:31.283] USB: usb_device_handle_win.cc:1045 Failed to read descriptor from node connection: A device attached to the system is not functioning. (0x1F)

Dec 18, 2022 15:17:23.221 NEW SESSION
Dec 18, 2022 15:17:23.221 [14928:3400:1218/151723.219:ERROR:device_event_log_impl.cc(215)] [15:17:23.220] USB: usb_service_win.cc:415 Could not read device interface GUIDs: The system cannot find the file specified. (0x2)
Dec 18, 2022 15:17:23.222 [14928:3400:1218/151723.222:ERROR:device_event_log_impl.cc(215)] [15:17:23.222] USB: usb_device_handle_win.cc:1045 Failed to read descriptor from node connection: A device attached to the system is not functioning. (0x1F)
Dec 18, 2022 15:17:23.226 [14928:3400:1218/151723.226:ERROR:device_event_log_impl.cc(215)] [15:17:23.226] USB: usb_device_handle_win.cc:1045 Failed to read descriptor from node connection: A device attached to the system is not functioning. (0x1F)
Dec 18, 2022 15:17:23.231 [14928:3400:1218/151723.231:ERROR:device_event_log_impl.cc(215)] [15:17:23.231] USB: usb_device_handle_win.cc:1045 Failed to read descriptor from node connection: A device attached to the system is not functioning. (0x1F)
Dec 18, 2022 15:18:28.478 [20180:1048:1218/151828.478:ERROR:device_event_log_impl.cc(215)] [15:18:28.477] USB: usb_service_win.cc:415 Could not read device interface GUIDs: The system cannot find the file specified. (0x2)
Dec 18, 2022 15:18:28.481 [20180:1048:1218/151828.481:ERROR:device_event_log_impl.cc(215)] [15:18:28.481] USB: usb_device_handle_win.cc:1045 Failed to read descriptor from node connection: A device attached to the system is not functioning. (0x1F)
Dec 18, 2022 15:18:28.486 [20180:1048:1218/151828.486:ERROR:device_event_log_impl.cc(215)] [15:18:28.485] USB: usb_device_handle_win.cc:1045 Failed to read descriptor from node connection: A device attached to the system is not functioning. (0x1F)
Dec 18, 2022 15:18:28.491 [20180:1048:1218/151828.491:ERROR:device_event_log_impl.cc(215)] [15:18:28.490] USB: usb_device_handle_win.cc:1045 Failed to read descriptor from node connection: A device attached to the system is not functioning. (0x1F)

Dec 18, 2022 22:49:26.546 NEW SESSION
Dec 18, 2022 22:49:26.546 [14148:11636:1218/224926.545:ERROR:device_event_log_impl.cc(215)] [22:49:26.545] USB: usb_service_win.cc:415 Could not read device interface GUIDs: The system cannot find the file specified. (0x2)
Dec 18, 2022 22:49:26.546 [14148:11636:1218/224926.546:ERROR:device_event_log_impl.cc(215)] [22:49:26.547] USB: usb_device_handle_win.cc:1045 Failed to read descriptor from node connection: A device attached to the system is not functioning. (0x1F)
Dec 18, 2022 22:49:26.551 [14148:11636:1218/224926.550:ERROR:device_event_log_impl.cc(215)] [22:49:26.551] USB: usb_device_handle_win.cc:1045 Failed to read descriptor from node connection: A device attached to the system is not functioning. (0x1F)
Dec 18, 2022 22:49:26.556 [14148:11636:1218/224926.555:ERROR:device_event_log_impl.cc(215)] [22:49:26.556] USB: usb_device_handle_win.cc:1045 Failed to read descriptor from node connection: A device attached to the system is not functioning. (0x1F)
Dec 18, 2022 22:50:55.588 [3108:16680:1218/225055.588:ERROR:device_event_log_impl.cc(215)] [22:50:55.586] USB: usb_service_win.cc:415 Could not read device interface GUIDs: The system cannot find the file specified. (0x2)
Dec 18, 2022 22:50:55.590 [3108:16680:1218/225055.590:ERROR:device_event_log_impl.cc(215)] [22:50:55.589] USB: usb_device_handle_win.cc:1045 Failed to read descriptor from node connection: A device attached to the system is not functioning. (0x1F)
Dec 18, 2022 22:50:55.593 [3108:16680:1218/225055.593:ERROR:device_event_log_impl.cc(215)] [22:50:55.593] USB: usb_device_handle_win.cc:1045 Failed to read descriptor from node connection: A device attached to the system is not functioning. (0x1F)
Dec 18, 2022 22:50:55.599 [3108:16680:1218/225055.599:ERROR:device_event_log_impl.cc(215)] [22:50:55.598] USB: usb_device_handle_win.cc:1045 Failed to read descriptor from node connection: A device attached to the system is not functioning. (0x1F)
Dec 18, 2022 22:52:03.300 [6700:6232:1218/225203.300:ERROR:device_event_log_impl.cc(215)] [22:52:03.300] USB: usb_service_win.cc:415 Could not read device interface GUIDs: The system cannot find the file specified. (0x2)
Dec 18, 2022 22:52:03.302 [6700:6232:1218/225203.302:ERROR:device_event_log_impl.cc(215)] [22:52:03.302] USB: usb_device_handle_win.cc:1045 Failed to read descriptor from node connection: A device attached to the system is not functioning. (0x1F)
Dec 18, 2022 22:52:03.307 [6700:6232:1218/225203.306:ERROR:device_event_log_impl.cc(215)] [22:52:03.306] USB: usb_device_handle_win.cc:1045 Failed to read descriptor from node connection: A device attached to the system is not functioning. (0x1F)
Dec 18, 2022 22:52:03.311 [6700:6232:1218/225203.311:ERROR:device_event_log_impl.cc(215)] [22:52:03.311] USB: usb_device_handle_win.cc:1045 Failed to read descriptor from node connection: A device attached to the system is not functioning. (0x1F)
Dec 18, 2022 22:53:13.76 [3516:6244:1218/225313.076:ERROR:device_event_log_impl.cc(215)] [22:53:13.076] USB: usb_service_win.cc:415 Could not read device interface GUIDs: The system cannot find the file specified. (0x2)
Dec 18, 2022 22:53:13.79 [3516:6244:1218/225313.079:ERROR:device_event_log_impl.cc(215)] [22:53:13.079] USB: usb_device_handle_win.cc:1045 Failed to read descriptor from node connection: A device attached to the system is not functioning. (0x1F)
Dec 18, 2022 22:53:13.83 [3516:6244:1218/225313.083:ERROR:device_event_log_impl.cc(215)] [22:53:13.084] USB: usb_device_handle_win.cc:1045 Failed to read descriptor from node connection: A device attached to the system is not functioning. (0x1F)
Dec 18, 2022 22:53:13.88 [3516:6244:1218/225313.088:ERROR:device_event_log_impl.cc(215)] [22:53:13.088] USB: usb_device_handle_win.cc:1045 Failed to read descriptor from node connection: A device attached to the system is not functioning. (0x1F)
Dec 18, 2022 22:54:09.200 [13364:3992:1218/225409.200:ERROR:device_event_log_impl.cc(215)] [22:54:09.200] USB: usb_service_win.cc:415 Could not read device interface GUIDs: The system cannot find the file specified. (0x2)
Dec 18, 2022 22:54:09.203 [13364:3992:1218/225409.203:ERROR:device_event_log_impl.cc(215)] [22:54:09.202] USB: usb_device_handle_win.cc:1045 Failed to read descriptor from node connection: A device attached to the system is not functioning. (0x1F)
Dec 18, 2022 22:54:09.207 [13364:3992:1218/225409.207:ERROR:device_event_log_impl.cc(215)] [22:54:09.206] USB: usb_device_handle_win.cc:1045 Failed to read descriptor from node connection: A device attached to the system is not functioning. (0x1F)
Dec 18, 2022 22:54:09.212 [13364:3992:1218/225409.212:ERROR:device_event_log_impl.cc(215)] [22:54:09.211] USB: usb_device_handle_win.cc:1045 Failed to read descriptor from node connection: A device attached to the system is not functioning. (0x1F)
Dec 18, 2022 22:54:46.684 [6736:7796:1218/225446.684:ERROR:device_event_log_impl.cc(215)] [22:54:46.684] USB: usb_service_win.cc:415 Could not read device interface GUIDs: The system cannot find the file specified. (0x2)
Dec 18, 2022 22:54:46.687 [6736:7796:1218/225446.687:ERROR:device_event_log_impl.cc(215)] [22:54:46.686] USB: usb_device_handle_win.cc:1045 Failed to read descriptor from node connection: A device attached to the system is not functioning. (0x1F)
Dec 18, 2022 22:54:46.691 [6736:7796:1218/225446.690:ERROR:device_event_log_impl.cc(215)] [22:54:46.691] USB: usb_device_handle_win.cc:1045 Failed to read descriptor from node connection: A device attached to the system is not functioning. (0x1F)
Dec 18, 2022 22:54:46.696 [6736:7796:1218/225446.696:ERROR:device_event_log_impl.cc(215)] [22:54:46.696] USB: usb_device_handle_win.cc:1045 Failed to read descriptor from node connection: A device attached to the system is not functioning. (0x1F)
Dec 18, 2022 22:55:59.604 [4652:3024:1218/225559.604:ERROR:get_updates_processor.cc(260)] PostClientToServerMessage() failed during GetUpdates with error 2
Dec 18, 2022 22:57:51.815 [2616:16412:1218/225751.815:ERROR:device_event_log_impl.cc(215)] [22:57:51.814] USB: usb_service_win.cc:415 Could not read device interface GUIDs: The system cannot find the file specified. (0x2)
Dec 18, 2022 22:57:51.818 [2616:16412:1218/225751.818:ERROR:device_event_log_impl.cc(215)] [22:57:51.817] USB: usb_device_handle_win.cc:1045 Failed to read descriptor from node connection: A device attached to the system is not functioning. (0x1F)
Dec 18, 2022 22:57:51.823 [2616:16412:1218/225751.822:ERROR:device_event_log_impl.cc(215)] [22:57:51.822] USB: usb_device_handle_win.cc:1045 Failed to read descriptor from node connection: A device attached to the system is not functioning. (0x1F)
Dec 18, 2022 22:57:51.827 [2616:16412:1218/225751.826:ERROR:device_event_log_impl.cc(215)] [22:57:51.826] USB: usb_device_handle_win.cc:1045 Failed to read descriptor from node connection: A device attached to the system is not functioning. (0x1F)
Dec 18, 2022 22:59:11.701 [10104:7800:1218/225911.700:ERROR:device_event_log_impl.cc(215)] [22:59:11.700] USB: usb_service_win.cc:415 Could not read device interface GUIDs: The system cannot find the file specified. (0x2)
Dec 18, 2022 22:59:11.704 [10104:7800:1218/225911.703:ERROR:device_event_log_impl.cc(215)] [22:59:11.703] USB: usb_device_handle_win.cc:1045 Failed to read descriptor from node connection: A device attached to the system is not functioning. (0x1F)
Dec 18, 2022 22:59:11.708 [10104:7800:1218/225911.708:ERROR:device_event_log_impl.cc(215)] [22:59:11.707] USB: usb_device_handle_win.cc:1045 Failed to read descriptor from node connection: A device attached to the system is not functioning. (0x1F)
Dec 18, 2022 22:59:11.713 [10104:7800:1218/225911.713:ERROR:device_event_log_impl.cc(215)] [22:59:11.712] USB: usb_device_handle_win.cc:1045 Failed to read descriptor from node connection: A device attached to the system is not functioning. (0x1F)

Dec 19, 2022 16:42:29.653 NEW SESSION
Dec 19, 2022 16:42:29.653 [17340:9940:1219/164229.652:ERROR:device_event_log_impl.cc(215)] [16:42:29.652] USB: usb_service_win.cc:415 Could not read device interface GUIDs: The system cannot find the file specified. (0x2)
Dec 19, 2022 16:42:29.654 [17340:9940:1219/164229.654:ERROR:device_event_log_impl.cc(215)] [16:42:29.654] USB: usb_device_handle_win.cc:1045 Failed to read descriptor from node connection: A device attached to the system is not functioning. (0x1F)
Dec 19, 2022 16:42:29.658 [17340:9940:1219/164229.658:ERROR:device_event_log_impl.cc(215)] [16:42:29.658] USB: usb_device_handle_win.cc:1045 Failed to read descriptor from node connection: A device attached to the system is not functioning. (0x1F)
Dec 19, 2022 16:42:29.663 [17340:9940:1219/164229.663:ERROR:device_event_log_impl.cc(215)] [16:42:29.663] USB: usb_device_handle_win.cc:1045 Failed to read descriptor from node connection: A device attached to the system is not functioning. (0x1F)
Dec 19, 2022 16:43:07.316 [6204:4652:1219/164307.315:ERROR:device_event_log_impl.cc(215)] [16:43:07.315] USB: usb_service_win.cc:415 Could not read device interface GUIDs: The system cannot find the file specified. (0x2)
Dec 19, 2022 16:43:07.317 [6204:4652:1219/164307.317:ERROR:device_event_log_impl.cc(215)] [16:43:07.317] USB: usb_device_handle_win.cc:1045 Failed to read descriptor from node connection: A device attached to the system is not functioning. (0x1F)
Dec 19, 2022 16:43:07.321 [6204:4652:1219/164307.321:ERROR:device_event_log_impl.cc(215)] [16:43:07.321] USB: usb_device_handle_win.cc:1045 Failed to read descriptor from node connection: A device attached to the system is not functioning. (0x1F)
Dec 19, 2022 16:43:07.326 [6204:4652:1219/164307.326:ERROR:device_event_log_impl.cc(215)] [16:43:07.326] USB: usb_device_handle_win.cc:1045 Failed to read descriptor from node connection: A device attached to the system is not functioning. (0x1F)
Dec 19, 2022 16:44:39.466 [3932:6392:1219/164439.466:ERROR:device_event_log_impl.cc(215)] [16:44:39.465] USB: usb_service_win.cc:415 Could not read device interface GUIDs: The system cannot find the file specified. (0x2)
Dec 19, 2022 16:44:39.468 [3932:6392:1219/164439.468:ERROR:device_event_log_impl.cc(215)] [16:44:39.467] USB: usb_device_handle_win.cc:1045 Failed to read descriptor from node connection: A device attached to the system is not functioning. (0x1F)
Dec 19, 2022 16:44:39.474 [3932:6392:1219/164439.474:ERROR:device_event_log_impl.cc(215)] [16:44:39.473] USB: usb_device_handle_win.cc:1045 Failed to read descriptor from node connection: A device attached to the system is not functioning. (0x1F)
Dec 19, 2022 16:44:39.478 [3932:6392:1219/164439.477:ERROR:device_event_log_impl.cc(215)] [16:44:39.477] USB: usb_device_handle_win.cc:1045 Failed to read descriptor from node connection: A device attached to the system is not functioning. (0x1F)

Dec 20, 2022 10:07:38.201 NEW SESSION
Dec 20, 2022 10:07:38.201 [8228:15228:1220/100738.198:ERROR:device_event_log_impl.cc(215)] [10:07:38.191] USB: usb_service_win.cc:415 Could not read device interface GUIDs: The system cannot find the file specified. (0x2)
Dec 20, 2022 10:07:38.206 [8228:15228:1220/100738.201:ERROR:device_event_log_impl.cc(215)] [10:07:38.196] USB: usb_device_handle_win.cc:1045 Failed to read descriptor from node connection: A device attached to the system is not functioning. (0x1F)
Dec 20, 2022 10:07:38.206 [8228:15228:1220/100738.201:ERROR:device_event_log_impl.cc(215)] [10:07:38.197] USB: usb_device_handle_win.cc:1045 Failed to read descriptor from node connection: A device attached to the system is not functioning. (0x1F)
Dec 20, 2022 10:07:38.275 [8228:20444:1220/100738.275:ERROR:connection_factory_impl.cc(427)] Failed to connect to MCS endpoint with error -106
Dec 20, 2022 10:12:01.436 [12380:11100:1220/101201.436:ERROR:device_event_log_impl.cc(215)] [10:12:01.445] USB: usb_service_win.cc:415 Could not read device interface GUIDs: The system cannot find the file specified. (0x2)
Dec 20, 2022 10:12:01.436 [12380:11100:1220/101201.436:ERROR:device_event_log_impl.cc(215)] [10:12:01.446] USB: usb_device_handle_win.cc:1045 Failed to read descriptor from node connection: A device attached to the system is not functioning. (0x1F)
Dec 20, 2022 10:12:01.436 [12380:11100:1220/101201.436:ERROR:device_event_log_impl.cc(215)] [10:12:01.447] USB: usb_device_handle_win.cc:1045 Failed to read descriptor from node connection: A device attached to the system is not functioning. (0x1F)
Dec 20, 2022 10:12:01.483 [12380:21312:1220/101201.483:ERROR:connection_factory_impl.cc(427)] Failed to connect to MCS endpoint with error -106
Dec 20, 2022 10:12:27.88 [12380:21312:1220/101227.088:ERROR:connection_factory_impl.cc(427)] Failed to connect to MCS endpoint with error -106
Dec 20, 2022 10:13:24.61 [17664:18468:1220/101324.056:ERROR:device_event_log_impl.cc(215)] [10:13:24.057] USB: usb_service_win.cc:415 Could not read device interface GUIDs: The system cannot find the file specified. (0x2)
Dec 20, 2022 10:13:24.63 [17664:18468:1220/101324.058:ERROR:device_event_log_impl.cc(215)] [10:13:24.058] USB: usb_device_handle_win.cc:1045 Failed to read descriptor from node connection: A device attached to the system is not functioning. (0x1F)
Dec 20, 2022 10:13:24.63 [17664:18468:1220/101324.058:ERROR:device_event_log_impl.cc(215)] [10:13:24.059] USB: usb_device_handle_win.cc:1045 Failed to read descriptor from node connection: A device attached to the system is not functioning. (0x1F)
Dec 20, 2022 10:13:24.100 [17664:12684:1220/101324.099:ERROR:connection_factory_impl.cc(427)] Failed to connect to MCS endpoint with error -106
Dec 20, 2022 10:13:48.22 [17664:12684:1220/101348.022:ERROR:connection_factory_impl.cc(427)] Failed to connect to MCS endpoint with error -106

Dec 20, 2022 12:04:50.594 NEW SESSION
Dec 20, 2022 12:04:50.594 [21776:4692:1220/120450.590:ERROR:device_event_log_impl.cc(215)] [12:04:50.579] USB: usb_service_win.cc:415 Could not read device interface GUIDs: The system cannot find the file specified. (0x2)
Dec 20, 2022 12:04:50.594 [21776:4692:1220/120450.591:ERROR:device_event_log_impl.cc(215)] [12:04:50.580] USB: usb_device_handle_win.cc:1045 Failed to read descriptor from node connection: A device attached to the system is not functioning. (0x1F)
Dec 20, 2022 12:04:50.594 [21776:4692:1220/120450.592:ERROR:device_event_log_impl.cc(215)] [12:04:50.581] USB: usb_device_handle_win.cc:1045 Failed to read descriptor from node connection: A device attached to the system is not functioning. (0x1F)

Dec 21, 2022 11:26:57.328 NEW SESSION
Dec 21, 2022 11:26:57.328 [6976:11588:1221/112657.324:ERROR:device_event_log_impl.cc(215)] [11:26:57.324] USB: usb_service_win.cc:415 Could not read device interface GUIDs: The system cannot find the file specified. (0x2)
Dec 21, 2022 11:26:57.329 [6976:11588:1221/112657.326:ERROR:device_event_log_impl.cc(215)] [11:26:57.326] USB: usb_device_handle_win.cc:1045 Failed to read descriptor from node connection: A device attached to the system is not functioning. (0x1F)
Dec 21, 2022 11:26:57.329 [6976:11588:1221/112657.327:ERROR:device_event_log_impl.cc(215)] [11:26:57.326] USB: usb_device_handle_win.cc:1045 Failed to read descriptor from node connection: A device attached to the system is not functioning. (0x1F)

Dec 21, 2022 18:36:07.62 NEW SESSION
Dec 21, 2022 18:36:07.62 [4172:5104:1221/183607.060:ERROR:device_event_log_impl.cc(215)] [18:36:07.060] USB: usb_service_win.cc:415 Could not read device interface GUIDs: The system cannot find the file specified. (0x2)
Dec 21, 2022 18:36:07.63 [4172:5104:1221/183607.061:ERROR:device_event_log_impl.cc(215)] [18:36:07.061] USB: usb_device_handle_win.cc:1045 Failed to read descriptor from node connection: A device attached to the system is not functioning. (0x1F)
Dec 21, 2022 18:36:07.63 [4172:5104:1221/183607.062:ERROR:device_event_log_impl.cc(215)] [18:36:07.062] USB: usb_device_handle_win.cc:1045 Failed to read descriptor from node connection: A device attached to the system is not functioning. (0x1F)
Dec 21, 2022 18:37:56.513 [1472:13968:1221/183756.512:ERROR:device_event_log_impl.cc(215)] [18:37:56.512] USB: usb_service_win.cc:415 Could not read device interface GUIDs: The system cannot find the file specified. (0x2)
Dec 21, 2022 18:37:56.513 [1472:13968:1221/183756.513:ERROR:device_event_log_impl.cc(215)] [18:37:56.512] USB: usb_device_handle_win.cc:1045 Failed to read descriptor from node connection: A device attached to the system is not functioning. (0x1F)
Dec 21, 2022 18:37:56.513 [1472:13968:1221/183756.513:ERROR:device_event_log_impl.cc(215)] [18:37:56.513] USB: usb_device_handle_win.cc:1045 Failed to read descriptor from node connection: A device attached to the system is not functioning. (0x1F)
Dec 21, 2022 18:40:21.145 [18992:5780:1221/184021.145:ERROR:device_event_log_impl.cc(215)] [18:40:21.144] USB: usb_service_win.cc:415 Could not read device interface GUIDs: The system cannot find the file specified. (0x2)
Dec 21, 2022 18:40:21.146 [18992:5780:1221/184021.146:ERROR:device_event_log_impl.cc(215)] [18:40:21.145] USB: usb_device_handle_win.cc:1045 Failed to read descriptor from node connection: A device attached to the system is not functioning. (0x1F)
Dec 21, 2022 18:40:21.146 [18992:5780:1221/184021.146:ERROR:device_event_log_impl.cc(215)] [18:40:21.145] USB: usb_device_handle_win.cc:1045 Failed to read descriptor from node connection: A device attached to the system is not functioning. (0x1F)
Dec 21, 2022 18:43:39.957 [14140:4508:1221/184339.957:ERROR:device_event_log_impl.cc(215)] [18:43:39.957] USB: usb_service_win.cc:415 Could not read device interface GUIDs: The system cannot find the file specified. (0x2)
Dec 21, 2022 18:43:39.958 [14140:4508:1221/184339.957:ERROR:device_event_log_impl.cc(215)] [18:43:39.958] USB: usb_device_handle_win.cc:1045 Failed to read descriptor from node connection: A device attached to the system is not functioning. (0x1F)
Dec 21, 2022 18:43:39.958 [14140:4508:1221/184339.957:ERROR:device_event_log_impl.cc(215)] [18:43:39.958] USB: usb_device_handle_win.cc:1045 Failed to read descriptor from node connection: A device attached to the system is not functioning. (0x1F)
Dec 21, 2022 18:49:06.596 [11084:8872:1221/184906.596:ERROR:device_event_log_impl.cc(215)] [18:49:06.595] USB: usb_service_win.cc:415 Could not read device interface GUIDs: The system cannot find the file specified. (0x2)
Dec 21, 2022 18:49:06.596 [11084:8872:1221/184906.596:ERROR:device_event_log_impl.cc(215)] [18:49:06.596] USB: usb_device_handle_win.cc:1045 Failed to read descriptor from node connection: A device attached to the system is not functioning. (0x1F)
Dec 21, 2022 18:49:06.596 [11084:8872:1221/184906.596:ERROR:device_event_log_impl.cc(215)] [18:49:06.596] USB: usb_device_handle_win.cc:1045 Failed to read descriptor from node connection: A device attached to the system is not functioning. (0x1F)

Dec 23, 2022 18:27:02.38 NEW SESSION
Dec 23, 2022 18:27:02.38 [5888:12188:1223/182702.037:ERROR:device_event_log_impl.cc(215)] [18:27:02.037] USB: usb_service_win.cc:415 Could not read device interface GUIDs: The system cannot find the file specified. (0x2)
Dec 23, 2022 18:27:02.40 [5888:12188:1223/182702.040:ERROR:device_event_log_impl.cc(215)] [18:27:02.040] USB: usb_device_handle_win.cc:1045 Failed to read descriptor from node connection: A device attached to the system is not functioning. (0x1F)
Dec 23, 2022 18:27:02.44 [5888:12188:1223/182702.043:ERROR:device_event_log_impl.cc(215)] [18:27:02.044] USB: usb_device_handle_win.cc:1045 Failed to read descriptor from node connection: A device attached to the system is not functioning. (0x1F)
Dec 23, 2022 18:27:02.48 [5888:12188:1223/182702.048:ERROR:device_event_log_impl.cc(215)] [18:27:02.049] USB: usb_device_handle_win.cc:1045 Failed to read descriptor from node connection: A device attached to the system is not functioning. (0x1F)
Dec 23, 2022 18:30:18.545 [2324:8964:1223/183018.545:ERROR:device_event_log_impl.cc(215)] [18:30:18.545] USB: usb_service_win.cc:415 Could not read device interface GUIDs: The system cannot find the file specified. (0x2)
Dec 23, 2022 18:30:18.547 [2324:8964:1223/183018.547:ERROR:device_event_log_impl.cc(215)] [18:30:18.547] USB: usb_device_handle_win.cc:1045 Failed to read descriptor from node connection: A device attached to the system is not functioning. (0x1F)
Dec 23, 2022 18:30:18.551 [2324:8964:1223/183018.551:ERROR:device_event_log_impl.cc(215)] [18:30:18.551] USB: usb_device_handle_win.cc:1045 Failed to read descriptor from node connection: A device attached to the system is not functioning. (0x1F)
Dec 23, 2022 18:30:18.556 [2324:8964:1223/183018.556:ERROR:device_event_log_impl.cc(215)] [18:30:18.556] USB: usb_device_handle_win.cc:1045 Failed to read descriptor from node connection: A device attached to the system is not functioning. (0x1F)
Dec 23, 2022 18:36:43.969 [19092:5560:1223/183643.968:ERROR:device_event_log_impl.cc(215)] [18:36:43.968] USB: usb_service_win.cc:415 Could not read device interface GUIDs: The system cannot find the file specified. (0x2)
Dec 23, 2022 18:36:43.971 [19092:5560:1223/183643.971:ERROR:device_event_log_impl.cc(215)] [18:36:43.970] USB: usb_device_handle_win.cc:1045 Failed to read descriptor from node connection: A device attached to the system is not functioning. (0x1F)
Dec 23, 2022 18:36:43.975 [19092:5560:1223/183643.975:ERROR:device_event_log_impl.cc(215)] [18:36:43.975] USB: usb_device_handle_win.cc:1045 Failed to read descriptor from node connection: A device attached to the system is not functioning. (0x1F)
Dec 23, 2022 18:36:43.982 [19092:5560:1223/183643.981:ERROR:device_event_log_impl.cc(215)] [18:36:43.981] USB: usb_device_handle_win.cc:1045 Failed to read descriptor from node connection: A device attached to the system is not functioning. (0x1F)
Dec 23, 2022 18:36:57.878 [15036:18032:1223/183657.878:ERROR:device_event_log_impl.cc(215)] [18:36:57.878] USB: usb_service_win.cc:415 Could not read device interface GUIDs: The system cannot find the file specified. (0x2)
Dec 23, 2022 18:36:57.881 [15036:18032:1223/183657.881:ERROR:device_event_log_impl.cc(215)] [18:36:57.881] USB: usb_device_handle_win.cc:1045 Failed to read descriptor from node connection: A device attached to the system is not functioning. (0x1F)
Dec 23, 2022 18:36:57.885 [15036:18032:1223/183657.885:ERROR:device_event_log_impl.cc(215)] [18:36:57.885] USB: usb_device_handle_win.cc:1045 Failed to read descriptor from node connection: A device attached to the system is not functioning. (0x1F)
Dec 23, 2022 18:36:57.904 [15036:18032:1223/183657.904:ERROR:device_event_log_impl.cc(215)] [18:36:57.904] USB: usb_device_handle_win.cc:1045 Failed to read descriptor from node connection: A device attached to the system is not functioning. (0x1F)
Dec 23, 2022 18:37:46.205 [5700:916:1223/183746.205:ERROR:device_event_log_impl.cc(215)] [18:37:46.205] USB: usb_service_win.cc:415 Could not read device interface GUIDs: The system cannot find the file specified. (0x2)
Dec 23, 2022 18:37:46.208 [5700:916:1223/183746.208:ERROR:device_event_log_impl.cc(215)] [18:37:46.208] USB: usb_device_handle_win.cc:1045 Failed to read descriptor from node connection: A device attached to the system is not functioning. (0x1F)
Dec 23, 2022 18:37:46.212 [5700:916:1223/183746.212:ERROR:device_event_log_impl.cc(215)] [18:37:46.212] USB: usb_device_handle_win.cc:1045 Failed to read descriptor from node connection: A device attached to the system is not functioning. (0x1F)
Dec 23, 2022 18:37:46.217 [5700:916:1223/183746.217:ERROR:device_event_log_impl.cc(215)] [18:37:46.217] USB: usb_device_handle_win.cc:1045 Failed to read descriptor from node connection: A device attached to the system is not functioning. (0x1F)
Dec 23, 2022 18:39:19.62 [13504:7680:1223/183919.062:ERROR:device_event_log_impl.cc(215)] [18:39:19.061] USB: usb_service_win.cc:415 Could not read device interface GUIDs: The system cannot find the file specified. (0x2)
Dec 23, 2022 18:39:19.64 [13504:7680:1223/183919.064:ERROR:device_event_log_impl.cc(215)] [18:39:19.064] USB: usb_device_handle_win.cc:1045 Failed to read descriptor from node connection: A device attached to the system is not functioning. (0x1F)
Dec 23, 2022 18:39:19.68 [13504:7680:1223/183919.068:ERROR:device_event_log_impl.cc(215)] [18:39:19.068] USB: usb_device_handle_win.cc:1045 Failed to read descriptor from node connection: A device attached to the system is not functioning. (0x1F)
Dec 23, 2022 18:39:19.73 [13504:7680:1223/183919.073:ERROR:device_event_log_impl.cc(215)] [18:39:19.073] USB: usb_device_handle_win.cc:1045 Failed to read descriptor from node connection: A device attached to the system is not functioning. (0x1F)

Dec 28, 2022 12:21:56.588 NEW SESSION
Dec 28, 2022 12:21:56.589 [16832:3320:1228/122156.587:ERROR:device_event_log_impl.cc(215)] [12:21:56.586] USB: usb_service_win.cc:415 Could not read device interface GUIDs: The system cannot find the file specified. (0x2)
Dec 28, 2022 12:21:56.590 [16832:3320:1228/122156.587:ERROR:device_event_log_impl.cc(215)] [12:21:56.586] USB: usb_device_handle_win.cc:1045 Failed to read descriptor from node connection: A device attached to the system is not functioning. (0x1F)
Dec 28, 2022 12:21:56.590 [16832:3320:1228/122156.587:ERROR:device_event_log_impl.cc(215)] [12:21:56.587] USB: usb_device_handle_win.cc:1045 Failed to read descriptor from node connection: A device attached to the system is not functioning. (0x1F)

Jan 03, 2023 10:38:47.337 NEW SESSION
Jan 03, 2023 10:38:47.337 [22092:9540:0103/103847.335:ERROR:device_event_log_impl.cc(215)] [10:38:47.336] USB: usb_service_win.cc:415 Could not read device interface GUIDs: The system cannot find the file specified. (0x2)
Jan 03, 2023 10:38:47.337 [22092:9540:0103/103847.336:ERROR:device_event_log_impl.cc(215)] [10:38:47.336] USB: usb_device_handle_win.cc:1045 Failed to read descriptor from node connection: A device attached to the system is not functioning. (0x1F)
Jan 03, 2023 10:38:47.338 [22092:9540:0103/103847.336:ERROR:device_event_log_impl.cc(215)] [10:38:47.336] USB: usb_device_handle_win.cc:1045 Failed to read descriptor from node connection: A device attached to the system is not functioning. (0x1F)
Jan 03, 2023 11:01:07.420 [22724:21144:0103/110107.418:ERROR:device_event_log_impl.cc(215)] [11:01:07.416] USB: usb_service_win.cc:415 Could not read device interface GUIDs: The system cannot find the file specified. (0x2)
Jan 03, 2023 11:01:07.422 [22724:21144:0103/110107.418:ERROR:device_event_log_impl.cc(215)] [11:01:07.419] USB: usb_device_handle_win.cc:1045 Failed to read descriptor from node connection: A device attached to the system is not functioning. (0x1F)
Jan 03, 2023 11:01:07.422 [22724:21144:0103/110107.420:ERROR:device_event_log_impl.cc(215)] [11:01:07.420] USB: usb_device_handle_win.cc:1045 Failed to read descriptor from node connection: A device attached to the system is not functioning. (0x1F)

Jan 03, 2023 14:43:29.781 NEW SESSION
Jan 03, 2023 14:43:29.781 [23868:22740:0103/144329.779:ERROR:device_event_log_impl.cc(215)] [14:43:29.780] USB: usb_service_win.cc:415 Could not read device interface GUIDs: The system cannot find the file specified. (0x2)
Jan 03, 2023 14:43:29.781 [23868:22740:0103/144329.780:ERROR:device_event_log_impl.cc(215)] [14:43:29.781] USB: usb_device_handle_win.cc:1045 Failed to read descriptor from node connection: A device attached to the system is not functioning. (0x1F)
Jan 03, 2023 14:43:29.781 [23868:22740:0103/144329.780:ERROR:device_event_log_impl.cc(215)] [14:43:29.781] USB: usb_device_handle_win.cc:1045 Failed to read descriptor from node connection: A device attached to the system is not functioning. (0x1F)
Jan 03, 2023 14:43:29.849 [23868:22300:0103/144329.849:ERROR:connection_factory_impl.cc(427)] Failed to connect to MCS endpoint with error -106
Jan 03, 2023 14:43:29.850 [23868:22300:0103/144329.849:ERROR:registration_request.cc(248)] Registration URL fetching failed.

Jan 03, 2023 22:00:08.343 NEW SESSION
Jan 03, 2023 22:00:08.343 [15608:11316:0103/220008.340:ERROR:device_event_log_impl.cc(215)] [22:00:08.339] USB: usb_service_win.cc:415 Could not read device interface GUIDs: The system cannot find the file specified. (0x2)
Jan 03, 2023 22:00:08.344 [15608:11316:0103/220008.341:ERROR:device_event_log_impl.cc(215)] [22:00:08.340] USB: usb_device_handle_win.cc:1045 Failed to read descriptor from node connection: A device attached to the system is not functioning. (0x1F)
Jan 03, 2023 22:00:08.345 [15608:11316:0103/220008.341:ERROR:device_event_log_impl.cc(215)] [22:00:08.341] USB: usb_device_handle_win.cc:1045 Failed to read descriptor from node connection: A device attached to the system is not functioning. (0x1F)
Jan 03, 2023 22:06:45.891 [1928:1756:0103/220645.890:ERROR:device_event_log_impl.cc(215)] [22:06:45.890] USB: usb_service_win.cc:415 Could not read device interface GUIDs: The system cannot find the file specified. (0x2)
Jan 03, 2023 22:06:45.892 [1928:1756:0103/220645.891:ERROR:device_event_log_impl.cc(215)] [22:06:45.891] USB: usb_device_handle_win.cc:1045 Failed to read descriptor from node connection: A device attached to the system is not functioning. (0x1F)
Jan 03, 2023 22:06:45.893 [1928:1756:0103/220645.891:ERROR:device_event_log_impl.cc(215)] [22:06:45.891] USB: usb_device_handle_win.cc:1045 Failed to read descriptor from node connection: A device attached to the system is not functioning. (0x1F)
Jan 03, 2023 22:20:38.194 [8912:24144:0103/222038.194:ERROR:device_event_log_impl.cc(215)] [22:20:38.194] USB: usb_service_win.cc:415 Could not read device interface GUIDs: The system cannot find the file specified. (0x2)
Jan 03, 2023 22:20:38.195 [8912:24144:0103/222038.194:ERROR:device_event_log_impl.cc(215)] [22:20:38.194] USB: usb_device_handle_win.cc:1045 Failed to read descriptor from node connection: A device attached to the system is not functioning. (0x1F)
Jan 03, 2023 22:20:38.196 [8912:24144:0103/222038.195:ERROR:device_event_log_impl.cc(215)] [22:20:38.195] USB: usb_device_handle_win.cc:1045 Failed to read descriptor from node connection: A device attached to the system is not functioning. (0x1F)
Jan 03, 2023 22:20:53.390 [8912:16308:0103/222053.390:ERROR:connection_factory_impl.cc(427)] Failed to connect to MCS endpoint with error -105
Jan 03, 2023 22:21:04.453 [8912:16308:0103/222104.453:ERROR:connection_factory_impl.cc(427)] Failed to connect to MCS endpoint with error -105
Jan 03, 2023 22:21:51.354 [8912:16308:0103/222151.354:ERROR:connection_factory_impl.cc(427)] Failed to connect to MCS endpoint with error -105
Jan 03, 2023 22:23:21.534 [9708:4604:0103/222321.533:ERROR:device_event_log_impl.cc(215)] [22:23:21.533] USB: usb_service_win.cc:415 Could not read device interface GUIDs: The system cannot find the file specified. (0x2)
Jan 03, 2023 22:23:21.535 [9708:4604:0103/222321.535:ERROR:device_event_log_impl.cc(215)] [22:23:21.535] USB: usb_device_handle_win.cc:1045 Failed to read descriptor from node connection: A device attached to the system is not functioning. (0x1F)
Jan 03, 2023 22:23:21.536 [9708:4604:0103/222321.535:ERROR:device_event_log_impl.cc(215)] [22:23:21.535] USB: usb_device_handle_win.cc:1045 Failed to read descriptor from node connection: A device attached to the system is not functioning. (0x1F)
Jan 03, 2023 22:23:21.575 [9708:20924:0103/222321.574:ERROR:connection_factory_impl.cc(427)] Failed to connect to MCS endpoint with error -106
Jan 03, 2023 22:23:49.808 [9708:20924:0103/222349.808:ERROR:connection_factory_impl.cc(427)] Failed to connect to MCS endpoint with error -106
Jan 03, 2023 22:24:45.761 [9708:20924:0103/222445.761:ERROR:connection_factory_impl.cc(427)] Failed to connect to MCS endpoint with error -106
Jan 03, 2023 22:26:31.672 [9708:20924:0103/222631.672:ERROR:connection_factory_impl.cc(427)] Failed to connect to MCS endpoint with error -106

Jan 04, 2023 11:10:28.211 NEW SESSION
Jan 04, 2023 11:10:28.211 [6428:12968:0104/111028.209:ERROR:device_event_log_impl.cc(215)] [11:10:28.208] USB: usb_service_win.cc:415 Could not read device interface GUIDs: The system cannot find the file specified. (0x2)
Jan 04, 2023 11:10:28.212 [6428:12968:0104/111028.210:ERROR:device_event_log_impl.cc(215)] [11:10:28.210] USB: usb_device_handle_win.cc:1045 Failed to read descriptor from node connection: A device attached to the system is not functioning. (0x1F)
Jan 04, 2023 11:10:28.212 [6428:12968:0104/111028.210:ERROR:device_event_log_impl.cc(215)] [11:10:28.210] USB: usb_device_handle_win.cc:1045 Failed to read descriptor from node connection: A device attached to the system is not functioning. (0x1F)
Jan 04, 2023 11:11:48.273 [11136:196:0104/111148.273:ERROR:device_event_log_impl.cc(215)] [11:11:48.273] USB: usb_service_win.cc:415 Could not read device interface GUIDs: The system cannot find the file specified. (0x2)
Jan 04, 2023 11:11:48.274 [11136:196:0104/111148.273:ERROR:device_event_log_impl.cc(215)] [11:11:48.274] USB: usb_device_handle_win.cc:1045 Failed to read descriptor from node connection: A device attached to the system is not functioning. (0x1F)
Jan 04, 2023 11:11:48.274 [11136:196:0104/111148.274:ERROR:device_event_log_impl.cc(215)] [11:11:48.274] USB: usb_device_handle_win.cc:1045 Failed to read descriptor from node connection: A device attached to the system is not functioning. (0x1F)

Jan 04, 2023 21:02:51.821 NEW SESSION
Jan 04, 2023 21:02:51.821 [19924:23704:0104/210251.820:ERROR:device_event_log_impl.cc(215)] [21:02:51.820] USB: usb_service_win.cc:415 Could not read device interface GUIDs: The system cannot find the file specified. (0x2)
Jan 04, 2023 21:02:51.821 [19924:23704:0104/210251.820:ERROR:device_event_log_impl.cc(215)] [21:02:51.820] USB: usb_device_handle_win.cc:1045 Failed to read descriptor from node connection: A device attached to the system is not functioning. (0x1F)
Jan 04, 2023 21:02:51.822 [19924:23704:0104/210251.820:ERROR:device_event_log_impl.cc(215)] [21:02:51.820] USB: usb_device_handle_win.cc:1045 Failed to read descriptor from node connection: A device attached to the system is not functioning. (0x1F)
Jan 04, 2023 21:23:57.297 [19924:16516:0104/212357.296:ERROR:mcs_client.cc(748)] Received close command, resetting connection.

Jan 05, 2023 17:50:33.678 NEW SESSION
Jan 05, 2023 17:50:33.678 [22308:10776:0105/175033.677:ERROR:device_event_log_impl.cc(215)] [17:50:33.677] USB: usb_service_win.cc:415 Could not read device interface GUIDs: The system cannot find the file specified. (0x2)
Jan 05, 2023 17:50:33.679 [22308:10776:0105/175033.677:ERROR:device_event_log_impl.cc(215)] [17:50:33.677] USB: usb_device_handle_win.cc:1045 Failed to read descriptor from node connection: A device attached to the system is not functioning. (0x1F)
Jan 05, 2023 17:50:33.680 [22308:10776:0105/175033.677:ERROR:device_event_log_impl.cc(215)] [17:50:33.677] USB: usb_device_handle_win.cc:1045 Failed to read descriptor from node connection: A device attached to the system is not functioning. (0x1F)
Jan 05, 2023 17:50:48.823 [22308:32208:0105/175048.823:ERROR:connection_factory_impl.cc(427)] Failed to connect to MCS endpoint with error -105
Jan 05, 2023 17:51:19.184 [22308:32208:0105/175119.184:ERROR:connection_factory_impl.cc(427)] Failed to connect to MCS endpoint with error -105
Jan 05, 2023 17:51:24.846 [22308:32208:0105/175124.846:ERROR:connection_factory_impl.cc(427)] Failed to connect to MCS endpoint with error -105
Jan 05, 2023 17:51:36.924 [22308:32208:0105/175136.923:ERROR:connection_factory_impl.cc(427)] Failed to connect to MCS endpoint with error -105
Jan 05, 2023 17:51:40.496 [22308:10776:0105/175140.496:ERROR:device_event_log_impl.cc(215)] [17:51:40.496] USB: usb_service_win.cc:104 SetupDiGetDeviceProperty({{A45C254E-DF1C-4EFD-8020-67D146A850E0}, 6}) failed: Element not found. (0x490)
Jan 05, 2023 17:52:06.737 [22308:32208:0105/175206.737:ERROR:connection_factory_impl.cc(427)] Failed to connect to MCS endpoint with error -118
Jan 05, 2023 17:52:52.857 [22308:32208:0105/175252.857:ERROR:connection_factory_impl.cc(427)] Failed to connect to MCS endpoint with error -105
Jan 05, 2023 17:53:40.810 [22308:32208:0105/175340.810:ERROR:connection_factory_impl.cc(427)] Failed to connect to MCS endpoint with error -106

Jan 06, 2023 24:39:36.745 NEW SESSION
Jan 06, 2023 24:39:36.745 [4876:27220:0106/003936.744:ERROR:device_event_log_impl.cc(215)] [00:39:36.744] USB: usb_service_win.cc:415 Could not read device interface GUIDs: The system cannot find the file specified. (0x2)
Jan 06, 2023 24:39:36.746 [4876:27220:0106/003936.745:ERROR:device_event_log_impl.cc(215)] [00:39:36.745] USB: usb_device_handle_win.cc:1045 Failed to read descriptor from node connection: A device attached to the system is not functioning. (0x1F)
Jan 06, 2023 24:39:36.746 [4876:27220:0106/003936.745:ERROR:device_event_log_impl.cc(215)] [00:39:36.746] USB: usb_device_handle_win.cc:1045 Failed to read descriptor from node connection: A device attached to the system is not functioning. (0x1F)

Jan 18, 2023 07:19:18.651 NEW SESSION
Jan 18, 2023 07:19:18.651 [14956:15616:0118/071918.649:ERROR:device_event_log_impl.cc(215)] [07:19:18.648] USB: usb_service_win.cc:415 Could not read device interface GUIDs: The system cannot find the file specified. (0x2)
Jan 18, 2023 07:19:18.652 [14956:15616:0118/071918.651:ERROR:device_event_log_impl.cc(215)] [07:19:18.652] USB: usb_device_handle_win.cc:1046 Failed to read descriptor from node connection: A device attached to the system is not functioning. (0x1F)
Jan 18, 2023 07:19:18.652 [14956:15616:0118/071918.652:ERROR:device_event_log_impl.cc(215)] [07:19:18.652] USB: usb_device_handle_win.cc:1046 Failed to read descriptor from node connection: A device attached to the system is not functioning. (0x1F)

Jan 18, 2023 07:51:06.272 NEW SESSION
Jan 18, 2023 07:51:06.272 [18228:17900:0118/075106.270:ERROR:device_event_log_impl.cc(215)] [07:51:06.269] USB: usb_service_win.cc:415 Could not read device interface GUIDs: The system cannot find the file specified. (0x2)
Jan 18, 2023 07:51:06.273 [18228:17900:0118/075106.270:ERROR:device_event_log_impl.cc(215)] [07:51:06.270] USB: usb_device_handle_win.cc:1046 Failed to read descriptor from node connection: A device attached to the system is not functioning. (0x1F)
Jan 18, 2023 07:51:06.273 [18228:17900:0118/075106.271:ERROR:device_event_log_impl.cc(215)] [07:51:06.270] USB: usb_device_handle_win.cc:1046 Failed to read descriptor from node connection: A device attached to the system is not functioning. (0x1F)
Jan 18, 2023 07:53:28.635 [15692:10212:0118/075328.635:ERROR:device_event_log_impl.cc(215)] [07:53:28.635] USB: usb_service_win.cc:415 Could not read device interface GUIDs: The system cannot find the file specified. (0x2)
Jan 18, 2023 07:53:28.636 [15692:10212:0118/075328.635:ERROR:device_event_log_impl.cc(215)] [07:53:28.635] USB: usb_device_handle_win.cc:1046 Failed to read descriptor from node connection: A device attached to the system is not functioning. (0x1F)
Jan 18, 2023 07:53:28.636 [15692:10212:0118/075328.636:ERROR:device_event_log_impl.cc(215)] [07:53:28.635] USB: usb_device_handle_win.cc:1046 Failed to read descriptor from node connection: A device attached to the system is not functioning. (0x1F)

Jan 19, 2023 10:37:11.455 NEW SESSION
Jan 19, 2023 10:37:11.455 [3248:3080:0119/103711.454:ERROR:device_event_log_impl.cc(215)] [10:37:11.453] USB: usb_service_win.cc:415 Could not read device interface GUIDs: The system cannot find the file specified. (0x2)
Jan 19, 2023 10:37:11.455 [3248:3080:0119/103711.455:ERROR:device_event_log_impl.cc(215)] [10:37:11.455] USB: usb_device_handle_win.cc:1046 Failed to read descriptor from node connection: A device attached to the system is not functioning. (0x1F)
Jan 19, 2023 10:37:11.456 [3248:3080:0119/103711.456:ERROR:device_event_log_impl.cc(215)] [10:37:11.456] USB: usb_device_handle_win.cc:1046 Failed to read descriptor from node connection: A device attached to the system is not functioning. (0x1F)

Jan 19, 2023 12:57:41.01 NEW SESSION
Jan 19, 2023 12:57:41.02 [15376:1792:0119/125741.000:ERROR:device_event_log_impl.cc(215)] [12:57:40.999] USB: usb_service_win.cc:415 Could not read device interface GUIDs: The system cannot find the file specified. (0x2)
Jan 19, 2023 12:57:41.03 [15376:1792:0119/125741.003:ERROR:device_event_log_impl.cc(215)] [12:57:41.003] USB: usb_device_handle_win.cc:1046 Failed to read descriptor from node connection: A device attached to the system is not functioning. (0x1F)
Jan 19, 2023 12:57:41.04 [15376:1792:0119/125741.004:ERROR:device_event_log_impl.cc(215)] [12:57:41.004] USB: usb_device_handle_win.cc:1046 Failed to read descriptor from node connection: A device attached to the system is not functioning. (0x1F)
Jan 19, 2023 13:00:00.227 [15376:16092:0119/130000.227:ERROR:connection_factory_impl.cc(472)] ConnectionHandler failed with net error: -2
Jan 19, 2023 13:39:28.216 [8360:20020:0119/133928.216:ERROR:device_event_log_impl.cc(215)] [13:39:28.215] USB: usb_service_win.cc:415 Could not read device interface GUIDs: The system cannot find the file specified. (0x2)
Jan 19, 2023 13:39:28.217 [8360:20020:0119/133928.217:ERROR:device_event_log_impl.cc(215)] [13:39:28.216] USB: usb_device_handle_win.cc:1046 Failed to read descriptor from node connection: A device attached to the system is not functioning. (0x1F)
Jan 19, 2023 13:39:28.217 [8360:20020:0119/133928.217:ERROR:device_event_log_impl.cc(215)] [13:39:28.216] USB: usb_device_handle_win.cc:1046 Failed to read descriptor from node connection: A device attached to the system is not functioning. (0x1F)
Jan 19, 2023 13:54:35.940 [16328:12452:0119/135435.940:ERROR:device_event_log_impl.cc(215)] [13:54:35.940] USB: usb_service_win.cc:415 Could not read device interface GUIDs: The system cannot find the file specified. (0x2)
Jan 19, 2023 13:54:35.941 [16328:12452:0119/135435.941:ERROR:device_event_log_impl.cc(215)] [13:54:35.941] USB: usb_device_handle_win.cc:1046 Failed to read descriptor from node connection: A device attached to the system is not functioning. (0x1F)
Jan 19, 2023 13:54:35.942 [16328:12452:0119/135435.942:ERROR:device_event_log_impl.cc(215)] [13:54:35.942] USB: usb_device_handle_win.cc:1046 Failed to read descriptor from node connection: A device attached to the system is not functioning. (0x1F)
Jan 19, 2023 13:55:39.838 [8372:10180:0119/135539.838:ERROR:device_event_log_impl.cc(215)] [13:55:39.838] USB: usb_service_win.cc:415 Could not read device interface GUIDs: The system cannot find the file specified. (0x2)
Jan 19, 2023 13:55:39.839 [8372:10180:0119/135539.839:ERROR:device_event_log_impl.cc(215)] [13:55:39.838] USB: usb_device_handle_win.cc:1046 Failed to read descriptor from node connection: A device attached to the system is not functioning. (0x1F)
Jan 19, 2023 13:55:39.839 [8372:10180:0119/135539.839:ERROR:device_event_log_impl.cc(215)] [13:55:39.839] USB: usb_device_handle_win.cc:1046 Failed to read descriptor from node connection: A device attached to the system is not functioning. (0x1F)

Jan 19, 2023 20:39:33.222 NEW SESSION
Jan 19, 2023 20:39:33.222 [2916:12448:0119/203933.220:ERROR:get_updates_processor.cc(264)] PostClientToServerMessage() failed during GetUpdates with error 2
Jan 19, 2023 23:02:05.188 [15500:16240:0119/230205.188:ERROR:device_event_log_impl.cc(215)] [23:02:05.188] USB: usb_service_win.cc:415 Could not read device interface GUIDs: The system cannot find the file specified. (0x2)
Jan 19, 2023 23:02:05.190 [15500:16240:0119/230205.189:ERROR:device_event_log_impl.cc(215)] [23:02:05.189] USB: usb_device_handle_win.cc:1046 Failed to read descriptor from node connection: A device attached to the system is not functioning. (0x1F)
Jan 19, 2023 23:02:05.190 [15500:16240:0119/230205.190:ERROR:device_event_log_impl.cc(215)] [23:02:05.190] USB: usb_device_handle_win.cc:1046 Failed to read descriptor from node connection: A device attached to the system is not functioning. (0x1F)
Jan 19, 2023 23:02:57.364 [5340:6008:0119/230257.364:ERROR:device_event_log_impl.cc(215)] [23:02:57.364] USB: usb_service_win.cc:415 Could not read device interface GUIDs: The system cannot find the file specified. (0x2)
Jan 19, 2023 23:02:57.365 [5340:6008:0119/230257.365:ERROR:device_event_log_impl.cc(215)] [23:02:57.364] USB: usb_device_handle_win.cc:1046 Failed to read descriptor from node connection: A device attached to the system is not functioning. (0x1F)
Jan 19, 2023 23:02:57.365 [5340:6008:0119/230257.365:ERROR:device_event_log_impl.cc(215)] [23:02:57.364] USB: usb_device_handle_win.cc:1046 Failed to read descriptor from node connection: A device attached to the system is not functioning. (0x1F)
Jan 19, 2023 23:11:52.918 [7668:16072:0119/231152.917:ERROR:device_event_log_impl.cc(215)] [23:11:52.918] USB: usb_service_win.cc:415 Could not read device interface GUIDs: The system cannot find the file specified. (0x2)
Jan 19, 2023 23:11:52.918 [7668:16072:0119/231152.918:ERROR:device_event_log_impl.cc(215)] [23:11:52.918] USB: usb_device_handle_win.cc:1046 Failed to read descriptor from node connection: A device attached to the system is not functioning. (0x1F)
Jan 19, 2023 23:11:52.918 [7668:16072:0119/231152.918:ERROR:device_event_log_impl.cc(215)] [23:11:52.918] USB: usb_device_handle_win.cc:1046 Failed to read descriptor from node connection: A device attached to the system is not functioning. (0x1F)
Jan 19, 2023 23:17:19.620 [11964:11160:0119/231719.620:ERROR:device_event_log_impl.cc(215)] [23:17:19.620] USB: usb_service_win.cc:415 Could not read device interface GUIDs: The system cannot find the file specified. (0x2)
Jan 19, 2023 23:17:19.621 [11964:11160:0119/231719.621:ERROR:device_event_log_impl.cc(215)] [23:17:19.621] USB: usb_device_handle_win.cc:1046 Failed to read descriptor from node connection: A device attached to the system is not functioning. (0x1F)
Jan 19, 2023 23:17:19.622 [11964:11160:0119/231719.621:ERROR:device_event_log_impl.cc(215)] [23:17:19.621] USB: usb_device_handle_win.cc:1046 Failed to read descriptor from node connection: A device attached to the system is not functioning. (0x1F)
Jan 19, 2023 23:32:34.181 [11964:11160:0119/233234.181:ERROR:interface_endpoint_client.cc(695)] Message 1 rejected by interface blink.mojom.WidgetHost
Jan 19, 2023 23:33:05.888 [libprotobuf ERROR ..\..\third_party\protobuf\src\google\protobuf\message_lite.cc:133] Can't parse message of type "safe_browsing.ClientDownloadRequest" because it is missing required fields: (cannot determine missing fields for lite message)
Jan 19, 2023 23:39:49.462 [12796:13672:0119/233949.462:ERROR:device_event_log_impl.cc(215)] [23:39:49.461] USB: usb_service_win.cc:415 Could not read device interface GUIDs: The system cannot find the file specified. (0x2)
Jan 19, 2023 23:39:49.463 [12796:13672:0119/233949.462:ERROR:device_event_log_impl.cc(215)] [23:39:49.462] USB: usb_device_handle_win.cc:1046 Failed to read descriptor from node connection: A device attached to the system is not functioning. (0x1F)
Jan 19, 2023 23:39:49.463 [12796:13672:0119/233949.463:ERROR:device_event_log_impl.cc(215)] [23:39:49.462] USB: usb_device_handle_win.cc:1046 Failed to read descriptor from node connection: A device attached to the system is not functioning. (0x1F)
Jan 19, 2023 23:40:19.501 [libprotobuf ERROR ..\..\third_party\protobuf\src\google\protobuf\message_lite.cc:133] Can't parse message of type "safe_browsing.ClientDownloadRequest" because it is missing required fields: (cannot determine missing fields for lite message)
Jan 19, 2023 23:47:06.782 [10176:9904:0119/234706.782:ERROR:device_event_log_impl.cc(215)] [23:47:06.783] USB: usb_service_win.cc:415 Could not read device interface GUIDs: The system cannot find the file specified. (0x2)
Jan 19, 2023 23:47:06.783 [10176:9904:0119/234706.783:ERROR:device_event_log_impl.cc(215)] [23:47:06.783] USB: usb_device_handle_win.cc:1046 Failed to read descriptor from node connection: A device attached to the system is not functioning. (0x1F)
Jan 19, 2023 23:47:06.783 [10176:9904:0119/234706.783:ERROR:device_event_log_impl.cc(215)] [23:47:06.783] USB: usb_device_handle_win.cc:1046 Failed to read descriptor from node connection: A device attached to the system is not functioning. (0x1F)
Jan 19, 2023 23:48:09.672 [libprotobuf ERROR ..\..\third_party\protobuf\src\google\protobuf\message_lite.cc:133] Can't parse message of type "safe_browsing.ClientDownloadRequest" because it is missing required fields: (cannot determine missing fields for lite message)

Jan 20, 2023 20:52:19.407 NEW SESSION
Jan 20, 2023 20:52:19.407 [12444:12476:0120/205219.406:ERROR:device_event_log_impl.cc(215)] [20:52:19.405] USB: usb_service_win.cc:415 Could not read device interface GUIDs: The system cannot find the file specified. (0x2)
Jan 20, 2023 20:52:19.409 [12444:12476:0120/205219.408:ERROR:device_event_log_impl.cc(215)] [20:52:19.408] USB: usb_device_handle_win.cc:1046 Failed to read descriptor from node connection: A device attached to the system is not functioning. (0x1F)
Jan 20, 2023 20:52:19.416 [12444:12476:0120/205219.415:ERROR:device_event_log_impl.cc(215)] [20:52:19.415] USB: usb_device_handle_win.cc:1046 Failed to read descriptor from node connection: A device attached to the system is not functioning. (0x1F)
Jan 20, 2023 20:52:19.418 [12444:12476:0120/205219.417:ERROR:device_event_log_impl.cc(215)] [20:52:19.417] USB: usb_device_handle_win.cc:1046 Failed to read descriptor from node connection: A device attached to the system is not functioning. (0x1F)
Jan 20, 2023 20:52:24.924 [libprotobuf ERROR ..\..\third_party\protobuf\src\google\protobuf\message_lite.cc:133] Can't parse message of type "safe_browsing.ClientDownloadRequest" because it is missing required fields: (cannot determine missing fields for lite message)
Jan 20, 2023 21:03:27.672 INFO: Created TensorFlow Lite XNNPACK delegate for CPU.

Jan 25, 2023 01:10:50.965 NEW SESSION
Jan 25, 2023 01:10:50.965 [9184:13772:0125/011050.963:ERROR:device_event_log_impl.cc(215)] [01:10:50.963] USB: usb_service_win.cc:415 Could not read device interface GUIDs: The system cannot find the file specified. (0x2)
Jan 25, 2023 01:10:50.966 [9184:13772:0125/011050.964:ERROR:device_event_log_impl.cc(215)] [01:10:50.964] USB: usb_device_handle_win.cc:1046 Failed to read descriptor from node connection: A device attached to the system is not functioning. (0x1F)
Jan 25, 2023 01:10:50.969 [9184:13772:0125/011050.968:ERROR:device_event_log_impl.cc(215)] [01:10:50.968] USB: usb_device_handle_win.cc:1046 Failed to read descriptor from node connection: A device attached to the system is not functioning. (0x1F)
Jan 25, 2023 01:11:48.695 [9184:10324:0125/011148.695:ERROR:util.cc(134)] Can't create base directory: C:\Program Files\Google\GoogleUpdater
